<?xml version="1.0" encoding="UTF-8"?>
<!-- Generated by org.testng.reporters.JUnitXMLReporter -->
<testsuite ignored="5" hostname="DESKTOP-0KE9K1V" failures="0" tests="4" name="Test" time="0.48" errors="0" timestamp="2022-06-27T12:12:20 IST">
  <testcase classname="TestngGrouping.group2" name="TC6" time="0.03"/>
  <testcase classname="TestngGrouping.group2" name="TC8" time="0.005"/>
  <testcase classname="TestngGrouping.group1" name="TC1" time="0.004"/>
  <testcase classname="TestngGrouping.group1" name="TC3" time="0.003"/>
  <testcase classname="TestngGrouping.group1" name="TC2" time="0.0">
    <ignored/>
  </testcase> <!-- TC2 -->
  <testcase classname="TestngGrouping.group1" name="TC5" time="0.0">
    <ignored/>
  </testcase> <!-- TC5 -->
  <testcase classname="TestngGrouping.group2" name="TC9" time="0.0">
    <ignored/>
  </testcase> <!-- TC9 -->
  <testcase classname="TestngGrouping.group2" name="TC7" time="0.0">
    <ignored/>
  </testcase> <!-- TC7 -->
  <testcase classname="TestngGrouping.group2" name="TC10" time="0.0">
    <ignored/>
  </testcase> <!-- TC10 -->
</testsuite> <!-- Test -->
